#
# There is insufficient memory for the Java Runtime Environment to continue.
# Native memory allocation (mmap) failed to map 266338304 bytes for Failed to commit area from 0x0000000703e00000 to 0x0000000713c00000 of length 266338304.
# Possible reasons:
#   The system is out of physical RAM or swap space
#   The process is running with CompressedOops enabled, and the Java Heap may be blocking the growth of the native heap
# Possible solutions:
#   Reduce memory load on the system
#   Increase physical memory or swap space
#   Check if swap backing store is full
#   Decrease Java heap size (-Xmx/-Xms)
#   Decrease number of Java threads
#   Decrease Java thread stack sizes (-Xss)
#   Set larger code cache with -XX:ReservedCodeCacheSize=
# This output file may be truncated or incomplete.
#
#  Out of Memory Error (src/hotspot/os/windows/os_windows.cpp:3627), pid=33724, tid=32300
#
# JRE version:  (11.0.15+10) (build )
# Java VM: OpenJDK 64-Bit Server VM (11.0.15+10-b2043.56, mixed mode, sharing, tiered, compressed oops, g1 gc, windows-amd64)
# No core dump will be written. Minidumps are not enabled by default on client versions of Windows
#

---------------  S U M M A R Y ------------

Command Line: git4idea.http.GitAskPassApp Username for 'https://git.unav.edu': 

Host: Intel(R) Core(TM) i5-10500 CPU @ 3.10GHz, 12 cores, 15G,  Windows 10 , 64 bit Build 19041 (10.0.19041.2251)
Time: Fri Jan 27 11:08:19 2023 Hora estándar romance elapsed time: 0.164293 seconds (0d 0h 0m 0s)

---------------  T H R E A D  ---------------

Current thread (0x000001b2c04f5800):  JavaThread "Unknown thread" [_thread_in_vm, id=32300, stack(0x000000b17b400000,0x000000b17b500000)]

Stack: [0x000000b17b400000,0x000000b17b500000]
Native frames: (J=compiled Java code, j=interpreted, Vv=VM code, C=native code)
V  [jvm.dll+0x61612a]
V  [jvm.dll+0x79c450]
V  [jvm.dll+0x79da6d]
V  [jvm.dll+0x79e143]
V  [jvm.dll+0x24cc18]
V  [jvm.dll+0x613174]
V  [jvm.dll+0x607e55]
V  [jvm.dll+0x30b1cb]
V  [jvm.dll+0x30b13a]
V  [jvm.dll+0x30b012]
V  [jvm.dll+0x30ff76]
V  [jvm.dll+0x35b4c3]
V  [jvm.dll+0x35bbc6]
V  [jvm.dll+0x35b5c3]
V  [jvm.dll+0x2e5918]
V  [jvm.dll+0x2e6ab7]
V  [jvm.dll+0x7794f7]
V  [jvm.dll+0x77acec]
V  [jvm.dll+0x368a59]
V  [jvm.dll+0x75ce8e]
V  [jvm.dll+0x3d6a33]
V  [jvm.dll+0x3d9001]
C  [jli.dll+0x536b]
C  [ucrtbase.dll+0x21bb2]
C  [KERNEL32.DLL+0x174b4]
C  [ntdll.dll+0x526a1]


---------------  P R O C E S S  ---------------

Threads class SMR info:
_java_thread_list=0x000001b2be322fc0, length=0, elements={
}

Java Threads: ( => current thread )

Other Threads:
  0x000001b2c0509000 GCTaskThread "GC Thread#0" [stack: 0x000000b17b500000,0x000000b17b600000] [id=36368]
  0x000001b2c0564800 ConcurrentGCThread "G1 Main Marker" [stack: 0x000000b17b600000,0x000000b17b700000] [id=31816]
  0x000001b2c0567000 ConcurrentGCThread "G1 Conc#0" [stack: 0x000000b17b700000,0x000000b17b800000] [id=480]

[error occurred during error reporting (printing all threads), id 0xc0000005, EXCEPTION_ACCESS_VIOLATION (0xc0000005) at pc=0x00007ffb1b406017]

VM state:not at safepoint (not fully initialized)

VM Mutex/Monitor currently owned by a thread:  ([mutex/lock_event])
[0x000001b2c04f1c10] Heap_lock - owner thread: 0x000001b2c04f5800

Heap address: 0x0000000703e00000, size: 4034 MB, Compressed Oops mode: Non-zero based: 0x0000000703e00000
Narrow klass base: 0x0000000000000000, Narrow klass shift: 0

GC Heap History (0 events):
No events

Deoptimization events (0 events):
No events

Classes redefined (0 events):
No events

Internal exceptions (0 events):
No events

Events (1 events):
Event: 0.144 Loaded shared library C:\Users\ijuarrosu\AppData\Local\JetBrains\Toolbox\apps\PyCharm-P\ch-0\221.5787.24\jbr\bin\zip.dll


Dynamic libraries:
0x00007ff6d2830000 - 0x00007ff6d283a000 	C:\Users\ijuarrosu\AppData\Local\JetBrains\Toolbox\apps\PyCharm-P\ch-0\221.5787.24\jbr\bin\java.exe
0x00007ffbb9a50000 - 0x00007ffbb9c48000 	C:\WINDOWS\SYSTEM32\ntdll.dll
0x00007ffbb7bd0000 - 0x00007ffbb7c8f000 	C:\WINDOWS\System32\KERNEL32.DLL
0x00007ffbb75f0000 - 0x00007ffbb78c2000 	C:\WINDOWS\System32\KERNELBASE.dll
0x00007ffbb7400000 - 0x00007ffbb7500000 	C:\WINDOWS\System32\ucrtbase.dll
0x00007ffb958e0000 - 0x00007ffb958f9000 	C:\Users\ijuarrosu\AppData\Local\JetBrains\Toolbox\apps\PyCharm-P\ch-0\221.5787.24\jbr\bin\jli.dll
0x00007ffbb7d60000 - 0x00007ffbb7efd000 	C:\WINDOWS\System32\USER32.dll
0x00007ffbb73d0000 - 0x00007ffbb73f2000 	C:\WINDOWS\System32\win32u.dll
0x00007ffbb97f0000 - 0x00007ffbb981b000 	C:\WINDOWS\System32\GDI32.dll
0x00007ffba3b10000 - 0x00007ffba3daa000 	C:\WINDOWS\WinSxS\amd64_microsoft.windows.common-controls_6595b64144ccf1df_6.0.19041.1110_none_60b5254171f9507e\COMCTL32.dll
0x00007ffbb7210000 - 0x00007ffbb731f000 	C:\WINDOWS\System32\gdi32full.dll
0x00007ffbb7f00000 - 0x00007ffbb7f9e000 	C:\WINDOWS\System32\msvcrt.dll
0x00007ffbb7550000 - 0x00007ffbb75ed000 	C:\WINDOWS\System32\msvcp_win.dll
0x00007ffb93670000 - 0x00007ffb93686000 	C:\Users\ijuarrosu\AppData\Local\JetBrains\Toolbox\apps\PyCharm-P\ch-0\221.5787.24\jbr\bin\VCRUNTIME140.dll
0x00007ffbb98f0000 - 0x00007ffbb9922000 	C:\WINDOWS\System32\IMM32.DLL
0x00007ffb7bec0000 - 0x00007ffb7bf6a000 	C:\Users\ijuarrosu\AppData\Local\JetBrains\Toolbox\apps\PyCharm-P\ch-0\221.5787.24\jbr\bin\msvcp140.dll
0x00007ffb1b110000 - 0x00007ffb1bc8b000 	C:\Users\ijuarrosu\AppData\Local\JetBrains\Toolbox\apps\PyCharm-P\ch-0\221.5787.24\jbr\bin\server\jvm.dll
0x00007ffbb80f0000 - 0x00007ffbb819e000 	C:\WINDOWS\System32\ADVAPI32.dll
0x00007ffbb9580000 - 0x00007ffbb961c000 	C:\WINDOWS\System32\sechost.dll
0x00007ffbb7fa0000 - 0x00007ffbb80c5000 	C:\WINDOWS\System32\RPCRT4.dll
0x00007ffbb94c0000 - 0x00007ffbb94c8000 	C:\WINDOWS\System32\PSAPI.DLL
0x00007ffba4420000 - 0x00007ffba4447000 	C:\WINDOWS\SYSTEM32\WINMM.dll
0x00007ffbaf030000 - 0x00007ffbaf03a000 	C:\WINDOWS\SYSTEM32\VERSION.dll
0x00007ffb44c30000 - 0x00007ffb44c39000 	C:\WINDOWS\SYSTEM32\WSOCK32.dll
0x00007ffbb9880000 - 0x00007ffbb98eb000 	C:\WINDOWS\System32\WS2_32.dll
0x00007ffbb4ff0000 - 0x00007ffbb5002000 	C:\WINDOWS\SYSTEM32\kernel.appcore.dll
0x00007ffb9cdb0000 - 0x00007ffb9cdc1000 	C:\Users\ijuarrosu\AppData\Local\JetBrains\Toolbox\apps\PyCharm-P\ch-0\221.5787.24\jbr\bin\verify.dll
0x00007ffbb1490000 - 0x00007ffbb1674000 	C:\WINDOWS\SYSTEM32\DBGHELP.DLL
0x00007ffbb1460000 - 0x00007ffbb148c000 	C:\WINDOWS\SYSTEM32\dbgcore.DLL
0x00007ffbb7180000 - 0x00007ffbb7202000 	C:\WINDOWS\System32\bcryptPrimitives.dll
0x00007ffb9cd60000 - 0x00007ffb9cd89000 	C:\Users\ijuarrosu\AppData\Local\JetBrains\Toolbox\apps\PyCharm-P\ch-0\221.5787.24\jbr\bin\java.dll
0x00007ffbac110000 - 0x00007ffbac11b000 	C:\Users\ijuarrosu\AppData\Local\JetBrains\Toolbox\apps\PyCharm-P\ch-0\221.5787.24\jbr\bin\jimage.dll
0x00007ffba37f0000 - 0x00007ffba3809000 	C:\Users\ijuarrosu\AppData\Local\JetBrains\Toolbox\apps\PyCharm-P\ch-0\221.5787.24\jbr\bin\zip.dll

dbghelp: loaded successfully - version: 4.0.5 - missing functions: none
symbol engine: initialized successfully - sym options: 0x614 - pdb path: .;C:\Users\ijuarrosu\AppData\Local\JetBrains\Toolbox\apps\PyCharm-P\ch-0\221.5787.24\jbr\bin;C:\WINDOWS\SYSTEM32;C:\WINDOWS\WinSxS\amd64_microsoft.windows.common-controls_6595b64144ccf1df_6.0.19041.1110_none_60b5254171f9507e;C:\Users\ijuarrosu\AppData\Local\JetBrains\Toolbox\apps\PyCharm-P\ch-0\221.5787.24\jbr\bin\server

VM Arguments:
java_command: git4idea.http.GitAskPassApp Username for 'https://git.unav.edu': 
java_class_path (initial): C:/Users/ijuarrosu/AppData/Local/JetBrains/Toolbox/apps/PyCharm-P/ch-0/221.5787.24/plugins/git4idea/lib/git4idea-rt.jar;C:/Users/ijuarrosu/AppData/Local/JetBrains/Toolbox/apps/PyCharm-P/ch-0/221.5787.24/lib/externalProcess-rt.jar;C:/Users/ijuarrosu/AppData/Local/JetBrains/Toolbox/apps/PyCharm-P/ch-0/221.5787.24/lib/app.jar;C:/Users/ijuarrosu/AppData/Local/JetBrains/Toolbox/apps/PyCharm-P/ch-0/221.5787.24/lib/3rd-party-rt.jar
Launcher Type: SUN_STANDARD

[Global flags]
     intx CICompilerCount                          = 4                                         {product} {ergonomic}
     uint ConcGCThreads                            = 3                                         {product} {ergonomic}
     uint G1ConcRefinementThreads                  = 10                                        {product} {ergonomic}
   size_t G1HeapRegionSize                         = 1048576                                   {product} {ergonomic}
    uintx GCDrainStackTargetSize                   = 64                                        {product} {ergonomic}
   size_t InitialHeapSize                          = 266338304                                 {product} {ergonomic}
   size_t MarkStackSize                            = 4194304                                   {product} {ergonomic}
   size_t MaxHeapSize                              = 4229955584                                {product} {ergonomic}
   size_t MinHeapDeltaBytes                        = 1048576                                   {product} {ergonomic}
    uintx NonNMethodCodeHeapSize                   = 5836300                                {pd product} {ergonomic}
    uintx NonProfiledCodeHeapSize                  = 122910970                              {pd product} {ergonomic}
    uintx ProfiledCodeHeapSize                     = 122910970                              {pd product} {ergonomic}
    uintx ReservedCodeCacheSize                    = 251658240                              {pd product} {ergonomic}
     bool SegmentedCodeCache                       = true                                      {product} {ergonomic}
     bool UseCompressedClassPointers               = true                                 {lp64_product} {ergonomic}
     bool UseCompressedOops                        = true                                 {lp64_product} {ergonomic}
     bool UseG1GC                                  = true                                      {product} {ergonomic}
     bool UseLargePagesIndividualAllocation        = false                                  {pd product} {ergonomic}

Logging:
Log output configuration:
 #0: stdout all=warning uptime,level,tags
 #1: stderr all=off uptime,level,tags

Environment Variables:
JAVA_HOME=C:\Program Files\AdoptOpenJDK\jdk-8.0.222.10-hotspot\
PATH=C:\Program Files\Git\mingw64\libexec\git-core;C:\Program Files\Git\mingw64\libexec\git-core;C:\Program Files\Git\mingw64\bin;C:\Program Files\Git\usr\bin;C:\Users\ijuarrosu\bin;C:\Program Files (x86)\VMware\VMware Player\bin;C:\Program Files\AdoptOpenJDK\jdk-8.0.222.10-hotspot\bin;C:\WINDOWS\system32;C:\WINDOWS;C:\WINDOWS\System32\Wbem;C:\WINDOWS\System32\WindowsPowerShell\v1.0;C:\WINDOWS\System32\OpenSSH;C:\Program Files\MATLAB\MATLAB Runtime\R2022b\runtime\win64;C:\Program Files\MATLAB\R2022b\runtime\win64;C:\Program Files\MATLAB\R2022b\bin;C:\Program Files\MATLAB\R2020a\runtime\win64;C:\Program Files\MATLAB\R2020a\bin;C:\Program Files\nodejs;C:\Program Files\dotnet;C:\Program Files\Git\cmd;C:\Program Files\Docker\Docker\resources\bin;C:\ProgramData\DockerDesktop\version-bin;C:\Users\ijuarrosu\AppData\Local\Programs\Python\Python310\Scripts;C:\Users\ijuarrosu\AppData\Local\Programs\Python\Python310;C:\Users\ijuarrosu\AppData\Local\Microsoft\WindowsApps;C:\Users\ijuarrosu\AppData\Local\Programs\Microsoft VS Code\bin;C:\Users\ijuarrosu\AppData\Local\JetBrains\Toolbox\scripts;C:\Users\ijuarrosu\AppData\Roaming\npm;C:\Users\ijuarrosu\AppData\Local\Android\Sdk\platform-tools
USERNAME=ijuarrosu
DISPLAY=:0.0
LC_ALL=en_US.UTF-8
OS=Windows_NT
PROCESSOR_IDENTIFIER=Intel64 Family 6 Model 165 Stepping 3, GenuineIntel



---------------  S Y S T E M  ---------------

OS: Windows 10 , 64 bit Build 19041 (10.0.19041.2251)
OS uptime: 24 days 1:44 hours
Hyper-V role detected

CPU:total 12 (initial active 12) (6 cores per cpu, 2 threads per core) family 6 model 165 stepping 3 microcode 0xcc, cmov, cx8, fxsr, mmx, sse, sse2, sse3, ssse3, sse4.1, sse4.2, popcnt, avx, avx2, aes, clmul, erms, 3dnowpref, lzcnt, ht, tsc, tscinvbit, bmi1, bmi2, adx, fma

Memory: 4k page, system-wide physical 16131M (451M free)
TotalPageFile size 65283M (AvailPageFile size 153M)
current process WorkingSet (physical memory assigned to process): 10M, peak: 10M
current process commit charge ("private bytes"): 64M, peak: 318M

vm_info: OpenJDK 64-Bit Server VM (11.0.15+10-b2043.56) for windows-amd64 JRE (11.0.15+10-b2043.56), built on May 16 2022 02:28:12 by "" with MS VC++ 14.0 (VS2015)

END.
